#
# There is insufficient memory for the Java Runtime Environment to continue.
# Native memory allocation (malloc) failed to allocate 66208 bytes for Chunk::new
# Possible reasons:
#   The system is out of physical RAM or swap space
#   In 32 bit mode, the process size limit was hit
# Possible solutions:
#   Reduce memory load on the system
#   Increase physical memory or swap space
#   Check if swap backing store is full
#   Use 64 bit Java on a 64 bit OS
#   Decrease Java heap size (-Xmx/-Xms)
#   Decrease number of Java threads
#   Decrease Java thread stack sizes (-Xss)
#   Set larger code cache with -XX:ReservedCodeCacheSize=
# This output file may be truncated or incomplete.
#
#  Out of Memory Error (allocation.cpp:390), pid=26632, tid=0x00000000000067bc
#
# JRE version: Java(TM) SE Runtime Environment (8.0_181-b13) (build 1.8.0_181-b13)
# Java VM: Java HotSpot(TM) 64-Bit Server VM (25.181-b13 mixed mode windows-amd64 compressed oops)
# Failed to write core dump. Minidumps are not enabled by default on client versions of Windows
#

---------------  T H R E A D  ---------------

Current thread (0x000000001918f000):  JavaThread "C2 CompilerThread1" daemon [_thread_in_native, id=26556, stack(0x0000000019a40000,0x0000000019b40000)]

Stack: [0x0000000019a40000,0x0000000019b40000]
[error occurred during error reporting (printing stack bounds), id 0xc0000005]

Native frames: (J=compiled Java code, j=interpreted, Vv=VM code, C=native code)


Current CompileTask:
C2:  81052 4068       4       java.util.regex.Pattern$Slice::match (79 bytes)


---------------  P R O C E S S  ---------------

Java Threads: ( => current thread )
  0x000000001b0b5000 JavaThread "Okio Watchdog" daemon [_thread_blocked, id=27100, stack(0x0000000022a10000,0x0000000022b10000)]
  0x000000001b0b2000 JavaThread "OkHttp ConnectionPool" daemon [_thread_blocked, id=26332, stack(0x0000000022910000,0x0000000022a10000)]
  0x000000001b0b0000 JavaThread "Exec Stream Pumper" daemon [_thread_in_native, id=25292, stack(0x0000000020ff0000,0x00000000210f0000)]
  0x000000001b0b4800 JavaThread "Exec Stream Pumper" daemon [_thread_in_native, id=26428, stack(0x0000000020ef0000,0x0000000020ff0000)]
  0x000000001b0b3000 JavaThread "UrlChecker-2" daemon [_thread_blocked, id=2076, stack(0x0000000020df0000,0x0000000020ef0000)]
  0x000000001b0ae800 JavaThread "Exec Default Executor" daemon [_thread_in_native, id=19728, stack(0x000000001d960000,0x000000001da60000)]
  0x000000001948f000 JavaThread "org.eclipse.jetty.server.session.HashSessionManager@3e7634b9Timer" daemon [_thread_blocked, id=25332, stack(0x000000001d320000,0x000000001d420000)]
  0x000000001948a800 JavaThread "qtp573136580-19" [_thread_blocked, id=12572, stack(0x000000001d220000,0x000000001d320000)]
  0x0000000019489800 JavaThread "qtp573136580-18" [_thread_blocked, id=28596, stack(0x000000001d120000,0x000000001d220000)]
  0x0000000019489000 JavaThread "qtp573136580-17-acceptor-0@7ca6fc93-ServerConnector@72611d77{HTTP/1.1,[http/1.1]}{0.0.0.0:50001}" [_thread_in_native, id=27980, stack(0x000000001d020000,0x000000001d120000)]
  0x000000001ab6f800 JavaThread "qtp573136580-16" [_thread_in_native, id=20380, stack(0x000000001cf20000,0x000000001d020000)]
  0x000000001af81800 JavaThread "qtp573136580-15" [_thread_in_native, id=17308, stack(0x000000001ce20000,0x000000001cf20000)]
  0x000000001af80800 JavaThread "qtp573136580-14" [_thread_in_native, id=13448, stack(0x000000001cd20000,0x000000001ce20000)]
  0x000000001af80000 JavaThread "qtp573136580-13" [_thread_in_native, id=29320, stack(0x000000001cc20000,0x000000001cd20000)]
  0x000000001af7f000 JavaThread "qtp573136580-12-acceptor-0@1467e64c-ServerConnector@1aa01ab0{HTTP/1.1,[http/1.1]}{0.0.0.0:12954}" [_thread_in_native, id=22260, stack(0x000000001cb20000,0x000000001cc20000)]
  0x00000000191c1000 JavaThread "Service Thread" daemon [_thread_blocked, id=27636, stack(0x0000000019c40000,0x0000000019d40000)]
  0x0000000019192000 JavaThread "C1 CompilerThread2" daemon [_thread_blocked, id=24676, stack(0x0000000019b40000,0x0000000019c40000)]
=>0x000000001918f000 JavaThread "C2 CompilerThread1" daemon [_thread_in_native, id=26556, stack(0x0000000019a40000,0x0000000019b40000)]
  0x000000001918e000 JavaThread "C2 CompilerThread0" daemon [_thread_blocked, id=21168, stack(0x0000000019940000,0x0000000019a40000)]
  0x0000000019167800 JavaThread "Attach Listener" daemon [_thread_blocked, id=6224, stack(0x0000000019840000,0x0000000019940000)]
  0x0000000019164800 JavaThread "Signal Dispatcher" daemon [_thread_blocked, id=29688, stack(0x0000000019740000,0x0000000019840000)]
  0x0000000002a7e000 JavaThread "Finalizer" daemon [_thread_blocked, id=21160, stack(0x0000000018930000,0x0000000018a30000)]
  0x00000000176ba000 JavaThread "Reference Handler" daemon [_thread_blocked, id=29680, stack(0x0000000018830000,0x0000000018930000)]
  0x000000000298d000 JavaThread "Forwarding executeAsyncScript on session 58ef72305310f7662d6d3eddb373eea2 to remote" [_thread_in_native, id=15636, stack(0x0000000002880000,0x0000000002980000)]

Other Threads:
  0x0000000017697800 VMThread [stack: 0x0000000018730000,0x0000000018830000] [id=26848]
  0x00000000191c6000 WatcherThread [stack: 0x0000000019d40000,0x0000000019e40000] [id=27936]

VM state:not at safepoint (normal execution)

VM Mutex/Monitor currently owned by a thread: None

Heap:
 PSYoungGen      total 188928K, used 40234K [0x00000000d5580000, 0x00000000e5100000, 0x0000000100000000)
  eden space 180736K, 21% used [0x00000000d5580000,0x00000000d7ba6a28,0x00000000e0600000)
  from space 8192K, 14% used [0x00000000e0600000,0x00000000e0724010,0x00000000e0e00000)
  to   space 8192K, 0% used [0x00000000e4900000,0x00000000e4900000,0x00000000e5100000)
 ParOldGen       total 62464K, used 22453K [0x0000000080000000, 0x0000000083d00000, 0x00000000d5580000)
  object space 62464K, 35% used [0x0000000080000000,0x00000000815ed788,0x0000000083d00000)
 Metaspace       used 38283K, capacity 39430K, committed 39640K, reserved 1083392K
  class space    used 4689K, capacity 4995K, committed 5120K, reserved 1048576K

Card table byte_map: [0x0000000011e40000,0x0000000012250000] byte_map_base: 0x0000000011a40000

Marking Bits: (ParMarkBitMap*) 0x0000000068da2d00
 Begin Bits: [0x0000000012900000, 0x0000000014900000)
 End Bits:   [0x0000000014900000, 0x0000000016900000)

Polling page: 0x0000000000e60000

CodeCache: size=245760Kb used=14221Kb max_used=14233Kb free=231538Kb
 bounds [0x0000000002a80000, 0x0000000003880000, 0x0000000011a80000]
 total_blobs=4435 nmethods=3717 adapters=629
 compilation: enabled

Compilation events (10 events):
Event: 80.274 Thread 0x0000000019192000 4069       3       org.codehaus.groovy.runtime.MetaClassHelper::convertToTypeArray (42 bytes)
Event: 80.275 Thread 0x0000000019192000 nmethod 4069 0x0000000003868010 code [0x00000000038681c0, 0x00000000038689d0]
Event: 80.278 Thread 0x0000000019192000 4071       3       java.lang.Class::getDeclaredConstructors (18 bytes)
Event: 80.279 Thread 0x0000000019192000 nmethod 4071 0x0000000003867b50 code [0x0000000003867ce0, 0x0000000003867f18]
Event: 80.279 Thread 0x000000001918e000 nmethod 4066 0x000000000386ec10 code [0x000000000386ede0, 0x0000000003870118]
Event: 80.279 Thread 0x000000001918e000 4070   !   4       org.codehaus.groovy.runtime.typehandling.ShortTypeHandling::castToClass (39 bytes)
Event: 80.280 Thread 0x000000001918e000 nmethod 4070 0x00000000038678d0 code [0x0000000003867a00, 0x0000000003867a78]
Event: 80.281 Thread 0x000000001918e000 4072       4       java.util.regex.Matcher::group (112 bytes)
Event: 80.282 Thread 0x0000000019192000 4073       3       okhttp3.internal.Util::delimiterOffset (30 bytes)
Event: 80.282 Thread 0x0000000019192000 nmethod 4073 0x0000000003867050 code [0x00000000038671e0, 0x0000000003867668]

GC Heap History (10 events):
Event: 44.315 GC heap before
{Heap before GC invocations=15 (full 1):
 PSYoungGen      total 84480K, used 81408K [0x00000000d5580000, 0x00000000dda80000, 0x0000000100000000)
  eden space 76288K, 100% used [0x00000000d5580000,0x00000000da000000,0x00000000da000000)
  from space 8192K, 62% used [0x00000000da000000,0x00000000da500000,0x00000000da800000)
  to   space 8192K, 0% used [0x00000000dd280000,0x00000000dd280000,0x00000000dda80000)
 ParOldGen       total 45568K, used 12826K [0x0000000080000000, 0x0000000082c80000, 0x00000000d5580000)
  object space 45568K, 28% used [0x0000000080000000,0x0000000080c86b78,0x0000000082c80000)
 Metaspace       used 32017K, capacity 32988K, committed 33152K, reserved 1079296K
  class space    used 3892K, capacity 4159K, committed 4224K, reserved 1048576K
Event: 44.337 GC heap after
Heap after GC invocations=15 (full 1):
 PSYoungGen      total 125952K, used 5451K [0x00000000d5580000, 0x00000000dd980000, 0x0000000100000000)
  eden space 118784K, 0% used [0x00000000d5580000,0x00000000d5580000,0x00000000dc980000)
  from space 7168K, 76% used [0x00000000dd280000,0x00000000dd7d2c00,0x00000000dd980000)
  to   space 8192K, 0% used [0x00000000dc980000,0x00000000dc980000,0x00000000dd180000)
 ParOldGen       total 45568K, used 16397K [0x0000000080000000, 0x0000000082c80000, 0x00000000d5580000)
  object space 45568K, 35% used [0x0000000080000000,0x00000000810036c0,0x0000000082c80000)
 Metaspace       used 32017K, capacity 32988K, committed 33152K, reserved 1079296K
  class space    used 3892K, capacity 4159K, committed 4224K, reserved 1048576K
}
Event: 45.370 GC heap before
{Heap before GC invocations=16 (full 1):
 PSYoungGen      total 125952K, used 46670K [0x00000000d5580000, 0x00000000dd980000, 0x0000000100000000)
  eden space 118784K, 34% used [0x00000000d5580000,0x00000000d7dc0ca8,0x00000000dc980000)
  from space 7168K, 76% used [0x00000000dd280000,0x00000000dd7d2c00,0x00000000dd980000)
  to   space 8192K, 0% used [0x00000000dc980000,0x00000000dc980000,0x00000000dd180000)
 ParOldGen       total 45568K, used 16397K [0x0000000080000000, 0x0000000082c80000, 0x00000000d5580000)
  object space 45568K, 35% used [0x0000000080000000,0x00000000810036c0,0x0000000082c80000)
 Metaspace       used 34364K, capacity 35284K, committed 35416K, reserved 1081344K
  class space    used 4183K, capacity 4454K, committed 4480K, reserved 1048576K
Event: 45.376 GC heap after
Heap after GC invocations=16 (full 1):
 PSYoungGen      total 126976K, used 2379K [0x00000000d5580000, 0x00000000e1900000, 0x0000000100000000)
  eden space 118784K, 0% used [0x00000000d5580000,0x00000000d5580000,0x00000000dc980000)
  from space 8192K, 29% used [0x00000000dc980000,0x00000000dcbd2cc8,0x00000000dd180000)
  to   space 8192K, 0% used [0x00000000e1100000,0x00000000e1100000,0x00000000e1900000)
 ParOldGen       total 45568K, used 18278K [0x0000000080000000, 0x0000000082c80000, 0x00000000d5580000)
  object space 45568K, 40% used [0x0000000080000000,0x00000000811d9ac8,0x0000000082c80000)
 Metaspace       used 34364K, capacity 35284K, committed 35416K, reserved 1081344K
  class space    used 4183K, capacity 4454K, committed 4480K, reserved 1048576K
}
Event: 45.376 GC heap before
{Heap before GC invocations=17 (full 2):
 PSYoungGen      total 126976K, used 2379K [0x00000000d5580000, 0x00000000e1900000, 0x0000000100000000)
  eden space 118784K, 0% used [0x00000000d5580000,0x00000000d5580000,0x00000000dc980000)
  from space 8192K, 29% used [0x00000000dc980000,0x00000000dcbd2cc8,0x00000000dd180000)
  to   space 8192K, 0% used [0x00000000e1100000,0x00000000e1100000,0x00000000e1900000)
 ParOldGen       total 45568K, used 18278K [0x0000000080000000, 0x0000000082c80000, 0x00000000d5580000)
  object space 45568K, 40% used [0x0000000080000000,0x00000000811d9ac8,0x0000000082c80000)
 Metaspace       used 34364K, capacity 35284K, committed 35416K, reserved 1081344K
  class space    used 4183K, capacity 4454K, committed 4480K, reserved 1048576K
Event: 45.528 GC heap after
Heap after GC invocations=17 (full 2):
 PSYoungGen      total 126976K, used 0K [0x00000000d5580000, 0x00000000e1900000, 0x0000000100000000)
  eden space 118784K, 0% used [0x00000000d5580000,0x00000000d5580000,0x00000000dc980000)
  from space 8192K, 0% used [0x00000000dc980000,0x00000000dc980000,0x00000000dd180000)
  to   space 8192K, 0% used [0x00000000e1100000,0x00000000e1100000,0x00000000e1900000)
 ParOldGen       total 62464K, used 20067K [0x0000000080000000, 0x0000000083d00000, 0x00000000d5580000)
  object space 62464K, 32% used [0x0000000080000000,0x0000000081398ef8,0x0000000083d00000)
 Metaspace       used 34364K, capacity 35284K, committed 35416K, reserved 1081344K
  class space    used 4183K, capacity 4454K, committed 4480K, reserved 1048576K
}
Event: 60.715 GC heap before
{Heap before GC invocations=18 (full 2):
 PSYoungGen      total 126976K, used 118784K [0x00000000d5580000, 0x00000000e1900000, 0x0000000100000000)
  eden space 118784K, 100% used [0x00000000d5580000,0x00000000dc980000,0x00000000dc980000)
  from space 8192K, 0% used [0x00000000dc980000,0x00000000dc980000,0x00000000dd180000)
  to   space 8192K, 0% used [0x00000000e1100000,0x00000000e1100000,0x00000000e1900000)
 ParOldGen       total 62464K, used 20067K [0x0000000080000000, 0x0000000083d00000, 0x00000000d5580000)
  object space 62464K, 32% used [0x0000000080000000,0x0000000081398ef8,0x0000000083d00000)
 Metaspace       used 37363K, capacity 38416K, committed 38744K, reserved 1083392K
  class space    used 4604K, capacity 4896K, committed 4992K, reserved 1048576K
Event: 60.721 GC heap after
Heap after GC invocations=18 (full 2):
 PSYoungGen      total 185856K, used 4313K [0x00000000d5580000, 0x00000000e1600000, 0x0000000100000000)
  eden space 180736K, 0% used [0x00000000d5580000,0x00000000d5580000,0x00000000e0600000)
  from space 5120K, 84% used [0x00000000e1100000,0x00000000e1536638,0x00000000e1600000)
  to   space 8192K, 0% used [0x00000000e0600000,0x00000000e0600000,0x00000000e0e00000)
 ParOldGen       total 62464K, used 20075K [0x0000000080000000, 0x0000000083d00000, 0x00000000d5580000)
  object space 62464K, 32% used [0x0000000080000000,0x000000008139aef8,0x0000000083d00000)
 Metaspace       used 37363K, capacity 38416K, committed 38744K, reserved 1083392K
  class space    used 4604K, capacity 4896K, committed 4992K, reserved 1048576K
}
Event: 73.284 GC heap before
{Heap before GC invocations=19 (full 2):
 PSYoungGen      total 185856K, used 185049K [0x00000000d5580000, 0x00000000e1600000, 0x0000000100000000)
  eden space 180736K, 100% used [0x00000000d5580000,0x00000000e0600000,0x00000000e0600000)
  from space 5120K, 84% used [0x00000000e1100000,0x00000000e1536638,0x00000000e1600000)
  to   space 8192K, 0% used [0x00000000e0600000,0x00000000e0600000,0x00000000e0e00000)
 ParOldGen       total 62464K, used 20075K [0x0000000080000000, 0x0000000083d00000, 0x00000000d5580000)
  object space 62464K, 32% used [0x0000000080000000,0x000000008139aef8,0x0000000083d00000)
 Metaspace       used 37770K, capacity 38804K, committed 39000K, reserved 1083392K
  class space    used 4634K, capacity 4936K, committed 4992K, reserved 1048576K
Event: 73.291 GC heap after
Heap after GC invocations=19 (full 2):
 PSYoungGen      total 188928K, used 1168K [0x00000000d5580000, 0x00000000e5100000, 0x0000000100000000)
  eden space 180736K, 0% used [0x00000000d5580000,0x00000000d5580000,0x00000000e0600000)
  from space 8192K, 14% used [0x00000000e0600000,0x00000000e0724010,0x00000000e0e00000)
  to   space 8192K, 0% used [0x00000000e4900000,0x00000000e4900000,0x00000000e5100000)
 ParOldGen       total 62464K, used 22453K [0x0000000080000000, 0x0000000083d00000, 0x00000000d5580000)
  object space 62464K, 35% used [0x0000000080000000,0x00000000815ed788,0x0000000083d00000)
 Metaspace       used 37770K, capacity 38804K, committed 39000K, reserved 1083392K
  class space    used 4634K, capacity 4936K, committed 4992K, reserved 1048576K
}

Deoptimization events (10 events):
Event: 47.654 Thread 0x000000000298d000 Uncommon trap: reason=unstable_if action=reinterpret pc=0x00000000035fc030 method=java.lang.Character.isHighSurrogate(C)Z @ 3
Event: 47.845 Thread 0x000000000298d000 Uncommon trap: reason=class_check action=maybe_recompile pc=0x0000000002dc2b50 method=java.io.FilterInputStream.read([BII)I @ 7
Event: 47.845 Thread 0x000000000298d000 Uncommon trap: reason=class_check action=maybe_recompile pc=0x0000000002dc2b50 method=java.io.FilterInputStream.read([BII)I @ 7
Event: 47.845 Thread 0x000000000298d000 Uncommon trap: reason=class_check action=maybe_recompile pc=0x0000000002dc2b50 method=java.io.FilterInputStream.read([BII)I @ 7
Event: 47.845 Thread 0x000000000298d000 Uncommon trap: reason=class_check action=maybe_recompile pc=0x0000000002dc2b50 method=java.io.FilterInputStream.read([BII)I @ 7
Event: 73.213 Thread 0x000000000298d000 Uncommon trap: reason=unstable_if action=reinterpret pc=0x00000000037f0790 method=org.codehaus.groovy.ast.ClassNode.<init>(Ljava/lang/String;ILorg/codehaus/groovy/ast/ClassNode;[Lorg/codehaus/groovy/ast/ClassNode;[Lorg/codehaus/groovy/ast/MixinNode;)V @ 1
Event: 78.288 Thread 0x000000000298d000 Uncommon trap: reason=unstable_if action=reinterpret pc=0x00000000033c533c method=groovy.lang.MetaClassImpl.checkIfStdMethod(Lgroovy/lang/MetaMethod;)V @ 118
Event: 78.288 Thread 0x000000000298d000 Uncommon trap: reason=unstable_if action=reinterpret pc=0x00000000033c816c method=groovy.lang.MetaClassImpl.checkIfStdMethod(Lgroovy/lang/MetaMethod;)V @ 55
Event: 80.162 Thread 0x000000000298d000 Uncommon trap: reason=bimorphic action=maybe_recompile pc=0x000000000361cb68 method=java.util.regex.Pattern$Curly.match(Ljava/util/regex/Matcher;ILjava/lang/CharSequence;)Z @ 19
Event: 80.162 Thread 0x000000000298d000 Uncommon trap: reason=unstable_if action=reinterpret pc=0x0000000003600190 method=java.util.regex.Pattern$Curly.match0(Ljava/util/regex/Matcher;IILjava/lang/CharSequence;)Z @ 5

Classes redefined (0 events):
No events

Internal exceptions (10 events):
Event: 80.225 Thread 0x000000000298d000 Exception <a 'java/security/PrivilegedActionException'> (0x00000000d7027038) thrown at [C:\re\workspace\8-2-build-windows-amd64-cygwin\jdk8u181\11358\hotspot\src\share\vm\prims\jvm.cpp, line 1435]
Event: 80.225 Thread 0x000000000298d000 Exception <a 'java/security/PrivilegedActionException'> (0x00000000d7027618) thrown at [C:\re\workspace\8-2-build-windows-amd64-cygwin\jdk8u181\11358\hotspot\src\share\vm\prims\jvm.cpp, line 1435]
Event: 80.234 Thread 0x000000000298d000 Exception <a 'java/security/PrivilegedActionException'> (0x00000000d7211da0) thrown at [C:\re\workspace\8-2-build-windows-amd64-cygwin\jdk8u181\11358\hotspot\src\share\vm\prims\jvm.cpp, line 1435]
Event: 80.234 Thread 0x000000000298d000 Exception <a 'java/security/PrivilegedActionException'> (0x00000000d7212380) thrown at [C:\re\workspace\8-2-build-windows-amd64-cygwin\jdk8u181\11358\hotspot\src\share\vm\prims\jvm.cpp, line 1435]
Event: 80.235 Thread 0x000000000298d000 Exception <a 'java/security/PrivilegedActionException'> (0x00000000d7223ec8) thrown at [C:\re\workspace\8-2-build-windows-amd64-cygwin\jdk8u181\11358\hotspot\src\share\vm\prims\jvm.cpp, line 1435]
Event: 80.235 Thread 0x000000000298d000 Exception <a 'java/security/PrivilegedActionException'> (0x00000000d72244a8) thrown at [C:\re\workspace\8-2-build-windows-amd64-cygwin\jdk8u181\11358\hotspot\src\share\vm\prims\jvm.cpp, line 1435]
Event: 80.246 Thread 0x000000000298d000 Exception <a 'java/lang/ClassNotFoundException': Script1BeanInfo> (0x00000000d73bf8a8) thrown at [C:\re\workspace\8-2-build-windows-amd64-cygwin\jdk8u181\11358\hotspot\src\share\vm\classfile\systemDictionary.cpp, line 210]
Event: 80.250 Thread 0x000000000298d000 Exception <a 'java/lang/ClassNotFoundException': Script1Customizer> (0x00000000d7438cc8) thrown at [C:\re\workspace\8-2-build-windows-amd64-cygwin\jdk8u181\11358\hotspot\src\share\vm\classfile\systemDictionary.cpp, line 210]
Event: 80.266 Thread 0x000000000298d000 Exception <a 'java/lang/ClassNotFoundException': com/kms/katalon/core/webui/keyword/builtin/SwitchToFrameKeywordBeanInfo> (0x00000000d76564f0) thrown at [C:\re\workspace\8-2-build-windows-amd64-cygwin\jdk8u181\11358\hotspot\src\share\vm\classfile\systemDi
Event: 80.270 Thread 0x000000000298d000 Exception <a 'java/lang/ClassNotFoundException': com/kms/katalon/core/webui/keyword/builtin/SwitchToFrameKeywordCustomizer> (0x00000000d77300b8) thrown at [C:\re\workspace\8-2-build-windows-amd64-cygwin\jdk8u181\11358\hotspot\src\share\vm\classfile\system

Events (10 events):
Event: 80.266 loading class com/kms/katalon/core/webui/keyword/builtin/SwitchToFrameKeywordBeanInfo
Event: 80.266 loading class com/kms/katalon/core/webui/keyword/builtin/SwitchToFrameKeywordBeanInfo done
Event: 80.267 loading class com/kms/katalon/core/webui/keyword/builtin/SwitchToFrameKeywordCustomizer
Event: 80.267 loading class com/kms/katalon/core/webui/keyword/builtin/SwitchToFrameKeywordCustomizer done
Event: 80.268 loading class com/kms/katalon/core/webui/keyword/builtin/SwitchToFrameKeywordCustomizer
Event: 80.268 loading class com/kms/katalon/core/webui/keyword/builtin/SwitchToFrameKeywordCustomizer done
Event: 80.270 loading class com/kms/katalon/core/webui/keyword/builtin/SwitchToFrameKeywordCustomizer
Event: 80.270 loading class com/kms/katalon/core/webui/keyword/builtin/SwitchToFrameKeywordCustomizer done
Event: 80.278 loading class groovy/runtime/metaclass/com/kms/katalon/core/webui/keyword/builtin/SwitchToFrameKeyword$_switchToFrame_closure1MetaClass
Event: 80.278 loading class groovy/runtime/metaclass/com/kms/katalon/core/webui/keyword/builtin/SwitchToFrameKeyword$_switchToFrame_closure1MetaClass done


Dynamic libraries:
0x00007ff733590000 - 0x00007ff7335c7000 	D:\Projects\Katalon_Studio_Windows_64-7.7.2\jre\bin\javaw.exe
0x00007ffd66790000 - 0x00007ffd66984000 	C:\WINDOWS\SYSTEM32\ntdll.dll
0x00007ffd64d30000 - 0x00007ffd64ded000 	C:\WINDOWS\System32\KERNEL32.DLL
0x00007ffd64220000 - 0x00007ffd644e7000 	C:\WINDOWS\System32\KERNELBASE.dll
0x00007ffd64b30000 - 0x00007ffd64bda000 	C:\WINDOWS\System32\ADVAPI32.dll
0x00007ffd64c10000 - 0x00007ffd64cae000 	C:\WINDOWS\System32\msvcrt.dll
0x00007ffd65760000 - 0x00007ffd657fb000 	C:\WINDOWS\System32\sechost.dll
0x00007ffd64800000 - 0x00007ffd64923000 	C:\WINDOWS\System32\RPCRT4.dll
0x00007ffd64df0000 - 0x00007ffd64f90000 	C:\WINDOWS\System32\USER32.dll
0x00007ffd641f0000 - 0x00007ffd64212000 	C:\WINDOWS\System32\win32u.dll
0x00007ffd649c0000 - 0x00007ffd649ea000 	C:\WINDOWS\System32\GDI32.dll
0x00007ffd63f80000 - 0x00007ffd6408a000 	C:\WINDOWS\System32\gdi32full.dll
0x00007ffd63ee0000 - 0x00007ffd63f7d000 	C:\WINDOWS\System32\msvcp_win.dll
0x00007ffd64700000 - 0x00007ffd64800000 	C:\WINDOWS\System32\ucrtbase.dll
0x00007ffd3e1a0000 - 0x00007ffd3e43a000 	C:\WINDOWS\WinSxS\amd64_microsoft.windows.common-controls_6595b64144ccf1df_6.0.19041.1_none_b555e41d4684ddec\COMCTL32.dll
0x00007ffd64be0000 - 0x00007ffd64c10000 	C:\WINDOWS\System32\IMM32.DLL
0x00000000683b0000 - 0x0000000068482000 	D:\Projects\Katalon_Studio_Windows_64-7.7.2\jre\bin\msvcr100.dll
0x0000000068580000 - 0x0000000068e22000 	D:\Projects\Katalon_Studio_Windows_64-7.7.2\jre\bin\server\jvm.dll
0x00007ffd66740000 - 0x00007ffd66748000 	C:\WINDOWS\System32\PSAPI.DLL
0x00007ffd3bff0000 - 0x00007ffd3bff9000 	C:\WINDOWS\SYSTEM32\WSOCK32.dll
0x00007ffd57f50000 - 0x00007ffd57f77000 	C:\WINDOWS\SYSTEM32\WINMM.dll
0x00007ffd597b0000 - 0x00007ffd597ba000 	C:\WINDOWS\SYSTEM32\VERSION.dll
0x00007ffd652e0000 - 0x00007ffd6534b000 	C:\WINDOWS\System32\WS2_32.dll
0x0000000068570000 - 0x000000006857f000 	D:\Projects\Katalon_Studio_Windows_64-7.7.2\jre\bin\verify.dll
0x0000000068540000 - 0x0000000068569000 	D:\Projects\Katalon_Studio_Windows_64-7.7.2\jre\bin\java.dll
0x0000000068520000 - 0x0000000068536000 	D:\Projects\Katalon_Studio_Windows_64-7.7.2\jre\bin\zip.dll
0x00007ffd65e00000 - 0x00007ffd66534000 	C:\WINDOWS\System32\SHELL32.dll
0x00007ffd62090000 - 0x00007ffd6281e000 	C:\WINDOWS\SYSTEM32\windows.storage.dll
0x00007ffd65400000 - 0x00007ffd65753000 	C:\WINDOWS\System32\combase.dll
0x00007ffd63890000 - 0x00007ffd638bb000 	C:\WINDOWS\SYSTEM32\Wldp.dll
0x00007ffd64a80000 - 0x00007ffd64b2e000 	C:\WINDOWS\System32\SHCORE.dll
0x00007ffd65930000 - 0x00007ffd65985000 	C:\WINDOWS\System32\shlwapi.dll
0x00007ffd63e20000 - 0x00007ffd63e3f000 	C:\WINDOWS\SYSTEM32\profapi.dll
0x0000000068500000 - 0x000000006851a000 	D:\Projects\Katalon_Studio_Windows_64-7.7.2\jre\bin\net.dll
0x00007ffd63610000 - 0x00007ffd6367a000 	C:\WINDOWS\system32\mswsock.dll
0x00000000684e0000 - 0x00000000684f1000 	D:\Projects\Katalon_Studio_Windows_64-7.7.2\jre\bin\nio.dll
0x0000000068490000 - 0x000000006849d000 	D:\Projects\Katalon_Studio_Windows_64-7.7.2\jre\bin\management.dll
0x00000000684b0000 - 0x00000000684d4000 	D:\Projects\Katalon_Studio_Windows_64-7.7.2\jre\bin\sunec.dll
0x00007ffd63300000 - 0x00007ffd6333b000 	C:\WINDOWS\SYSTEM32\IPHLPAPI.DLL
0x00007ffd64a70000 - 0x00007ffd64a79000 	C:\WINDOWS\System32\NSI.dll
0x00007ffd60f40000 - 0x00007ffd60f57000 	C:\WINDOWS\SYSTEM32\dhcpcsvc6.DLL
0x00007ffd60ad0000 - 0x00007ffd60aed000 	C:\WINDOWS\SYSTEM32\dhcpcsvc.DLL
0x00007ffd63340000 - 0x00007ffd6340a000 	C:\WINDOWS\SYSTEM32\DNSAPI.dll
0x00007ffd637f0000 - 0x00007ffd63808000 	C:\WINDOWS\SYSTEM32\CRYPTSP.dll
0x00007ffd62fa0000 - 0x00007ffd62fd4000 	C:\WINDOWS\system32\rsaenh.dll
0x00007ffd644f0000 - 0x00007ffd64517000 	C:\WINDOWS\System32\bcrypt.dll
0x00007ffd63d90000 - 0x00007ffd63dbe000 	C:\WINDOWS\SYSTEM32\USERENV.dll
0x00007ffd64680000 - 0x00007ffd646ff000 	C:\WINDOWS\System32\bcryptprimitives.dll
0x00007ffd637e0000 - 0x00007ffd637ec000 	C:\WINDOWS\SYSTEM32\CRYPTBASE.dll
0x00000000684a0000 - 0x00000000684ab000 	D:\Projects\Katalon_Studio_Windows_64-7.7.2\jre\bin\sunmscapi.dll
0x00007ffd64090000 - 0x00007ffd641ed000 	C:\WINDOWS\System32\CRYPT32.dll
0x00007ffd5d700000 - 0x00007ffd5d70a000 	C:\Windows\System32\rasadhlp.dll
0x00007ffd60f60000 - 0x00007ffd60fdf000 	C:\WINDOWS\System32\fwpuclnt.dll
0x00007ffd58b50000 - 0x00007ffd58b67000 	C:\WINDOWS\system32\napinsp.dll
0x00007ffd58860000 - 0x00007ffd5887b000 	C:\WINDOWS\system32\pnrpnsp.dll
0x00007ffd587f0000 - 0x00007ffd58805000 	C:\WINDOWS\system32\wshbth.dll
0x00007ffd5f6f0000 - 0x00007ffd5f70d000 	C:\WINDOWS\system32\NLAapi.dll
0x00007ffd58430000 - 0x00007ffd58442000 	C:\WINDOWS\System32\winrnr.dll

VM Arguments:
jvm_args: -Dgroovy.home=C:\Users\pca206/.groovy -Djava.system.class.loader=groovy.lang.GroovyClassLoader -Xmx2048m -Dfile.encoding=UTF-8 
java_command: org.codehaus.groovy.tools.GroovyStarter --classpath C:\AMS_Automation_14_10\bin\keyword;C:\AMS_Automation_14_10\Keywords;C:\AMS_Automation_14_10\bin\listener;C:\AMS_Automation_14_10\Test Listeners;C:\AMS_Automation_14_10\bin\lib;C:\AMS_Automation_14_10\Libs;C:\AMS_Automation_14_10\bin\groovy;C:\AMS_Automation_14_10\Include\scripts\groovy;D:\Projects\Katalon_Studio_Windows_64-7.7.2\plugins\com.kms.katalon.core_1.0.0.202105280441.jar;D:\Projects\Katalon_Studio_Windows_64-7.7.2\configuration\resources\lib\aalto-xml-1.0.0.jar;D:\Projects\Katalon_Studio_Windows_64-7.7.2\configuration\resources\lib\aspectjweaver-1.9.1.jar;D:\Projects\Katalon_Studio_Windows_64-7.7.2\configuration\resources\lib\bcpkix-jdk15on-1.64.jar;D:\Projects\Katalon_Studio_Windows_64-7.7.2\configuration\resources\lib\bcprov-jdk15on-1.64.jar;D:\Projects\Katalon_Studio_Windows_64-7.7.2\configuration\resources\lib\browsermob-core-2.1.5.jar;D:\Projects\Katalon_Studio_Windows_64-7.7.2\configuration\resources\lib\cglib-3.2.10.jar;D:\Projects\Katalon_Studio_Windows_64-7.7.2\configuration\resources\lib\commons-codec-1.10.jar;D:\Projects\Katalon_Studio_Windows_64-7.7.2\configuration\resources\lib\commons-collections4-4.1.jar;D:\Projects\Katalon_Studio_Windows_64-7.7.2\configuration\resources\lib\commons-validator-1.6.jar;D:\Projects\Katalon_Studio_Windows_64-7.7.2\configuration\resources\lib\curvesapi-1.04.jar;D:\Projects\Katalon_Studio_Windows_64-7.7.2\configuration\resources\lib\dnsjava-2.1.8.jar;D:\Projects\Katalon_Studio_Windows_64-7.7.2\configuration\resources\lib\java-client-7.0.0.jar;D:\Projects\Katalon_Studio_Windows_64-7.7.2\configuration\resources\lib\jetty-all-9.3.9.M1-uber.jar;D:\Projects\Katalon_Studio_Windows_64-7.7.2\configuration\resources\lib\jna-4.1.0.jar;D:\Projects\Katalon_Studio_Windows_64-7.7.2\configuration\resources\lib\jna-platform-4.1.0.jar;D:\Projects\Katalon_Studio_Windows_64-7.7.2\configuration\resources\lib\jzlib-1.1.3.jar;D:\Projects\Katalon_Studio_Windows_64-7.7.2
java_class_path (initial): C:\AMS_Automation_14_10\bin\keyword;C:\AMS_Automation_14_10\bin\listener;C:\AMS_Automation_14_10\bin\lib;C:\AMS_Automation_14_10\bin\groovy;C:\AMS_Automation_14_10\bin;D:\Projects\Katalon_Studio_Windows_64-7.7.2\plugins\com.kms.katalon.core_1.0.0.202105280441.jar;D:\Projects\Katalon_Studio_Windows_64-7.7.2\configuration\resources\lib\aalto-xml-1.0.0.jar;D:\Projects\Katalon_Studio_Windows_64-7.7.2\configuration\resources\lib\aspectjweaver-1.9.1.jar;D:\Projects\Katalon_Studio_Windows_64-7.7.2\configuration\resources\lib\bcpkix-jdk15on-1.64.jar;D:\Projects\Katalon_Studio_Windows_64-7.7.2\configuration\resources\lib\bcprov-jdk15on-1.64.jar;D:\Projects\Katalon_Studio_Windows_64-7.7.2\configuration\resources\lib\browsermob-core-2.1.5.jar;D:\Projects\Katalon_Studio_Windows_64-7.7.2\configuration\resources\lib\cglib-3.2.10.jar;D:\Projects\Katalon_Studio_Windows_64-7.7.2\configuration\resources\lib\commons-codec-1.10.jar;D:\Projects\Katalon_Studio_Windows_64-7.7.2\configuration\resources\lib\commons-collections4-4.1.jar;D:\Projects\Katalon_Studio_Windows_64-7.7.2\configuration\resources\lib\commons-validator-1.6.jar;D:\Projects\Katalon_Studio_Windows_64-7.7.2\configuration\resources\lib\curvesapi-1.04.jar;D:\Projects\Katalon_Studio_Windows_64-7.7.2\configuration\resources\lib\dnsjava-2.1.8.jar;D:\Projects\Katalon_Studio_Windows_64-7.7.2\configuration\resources\lib\java-client-7.0.0.jar;D:\Projects\Katalon_Studio_Windows_64-7.7.2\configuration\resources\lib\jetty-all-9.3.9.M1-uber.jar;D:\Projects\Katalon_Studio_Windows_64-7.7.2\configuration\resources\lib\jna-4.1.0.jar;D:\Projects\Katalon_Studio_Windows_64-7.7.2\configuration\resources\lib\jna-platform-4.1.0.jar;D:\Projects\Katalon_Studio_Windows_64-7.7.2\configuration\resources\lib\jzlib-1.1.3.jar;D:\Projects\Katalon_Studio_Windows_64-7.7.2\configuration\resources\lib\kat-server.jar;D:\Projects\Katalon_Studio_Windows_64-7.7.2\configuration\resources\lib\littleproxy-1.1.0-beta-bmp-17.jar;D:\Projec
Launcher Type: SUN_STANDARD

Environment Variables:
PATH=D:/Projects/Katalon_Studio_Windows_64-7.7.2/jre/bin/server;D:/Projects/Katalon_Studio_Windows_64-7.7.2/jre/bin;D:/Projects/Katalon_Studio_Windows_64-7.7.2/jre/lib/amd64;C:\Program Files (x86)\Common Files\Oracle\Java\javapath;C:\WINDOWS\system32;C:\WINDOWS;C:\WINDOWS\System32\Wbem;C:\WINDOWS\System32\WindowsPowerShell\v1.0\;C:\WINDOWS\System32\OpenSSH\;C:\Program Files\TortoiseSVN\bin;C:\Program Files\Git\cmd;C:\Program Files\Microsoft SQL Server\Client SDK\ODBC\110\Tools\Binn\;C:\Program Files (x86)\Microsoft SQL Server\120\Tools\Binn\;C:\Program Files\Microsoft SQL Server\120\Tools\Binn\;C:\Program Files\Microsoft SQL Server\120\DTS\Binn\;C:\Program Files (x86)\Microsoft SQL Server\120\Tools\Binn\ManagementStudio\;C:\Program Files (x86)\Microsoft SQL Server\120\DTS\Binn\;C:\Program Files (x86)\Microsoft SQL Server\100\Tools\Binn\;C:\Program Files\Microsoft SQL Server\100\Tools\Binn\;C:\Program Files\Microsoft SQL Server\100\DTS\Binn\;C:\Users\pca206\AppData\Local\Microsoft\WindowsApps;;D:\Projects\Katalon_Studio_Windows_64-7.7.2;
USERNAME=pca206
OS=Windows_NT
PROCESSOR_IDENTIFIER=Intel64 Family 6 Model 42 Stepping 7, GenuineIntel



---------------  S Y S T E M  ---------------

OS: Windows 10.0 , 64 bit Build 19041 (10.0.19041.292)

CPU:total 4 (initial active 4) (4 cores per cpu, 1 threads per core) family 6 model 42 stepping 7, cmov, cx8, fxsr, mmx, sse, sse2, sse3, ssse3, sse4.1, sse4.2, popcnt, avx, aes, clmul, tsc, tscinvbit

Memory: 4k page, physical 8286616k(139304k free), swap 19560084k(10572k free)

vm_info: Java HotSpot(TM) 64-Bit Server VM (25.181-b13) for windows-amd64 JRE (1.8.0_181-b13), built on Jul  7 2018 04:01:33 by "java_re" with MS VC++ 10.0 (VS2010)

time: Sun Nov 14 21:23:50 2021
elapsed time: 81 seconds (0d 0h 1m 21s)

